<?xml version="1.0" encoding="utf-8"?><testsuites name="pytest tests"><testsuite name="pytest" errors="0" failures="0" skipped="0" tests="7" time="27.942" timestamp="2026-06-09T21:32:39.791250+00:00" hostname="agent-env-68cb4f37-8d75-48d4-ad11-f0b47677ed45"><testcase classname="backend.tests.test_coach_dashboard" name="test_coach_profile_null_initially" time="0.741" /><testcase classname="backend.tests.test_coach_dashboard" name="test_coach_chat_without_profile_returns_404" time="0.828" /><testcase classname="backend.tests.test_coach_dashboard" name="test_coach_onboarding_creates_roadmap" time="15.978" /><testcase classname="backend.tests.test_coach_dashboard" name="test_coach_trick_complete" time="0.374" /><testcase classname="backend.tests.test_coach_dashboard" name="test_coach_chat_returns_plain_prose" time="5.902" /><testcase classname="backend.tests.test_coach_dashboard" name="test_dashboard_stats_structure" time="3.809" /><testcase classname="backend.tests.test_coach_dashboard" name="test_dashboard_stats_unauth" time="0.105" /></testsuite></testsuites>