<?xml version="1.0" encoding="utf-8"?><testsuites name="pytest tests"><testsuite name="pytest" errors="0" failures="1" skipped="0" tests="19" time="78.329" timestamp="2026-06-09T18:31:12.662191+00:00" hostname="agent-env-68cb4f37-8d75-48d4-ad11-f0b47677ed45"><testcase classname="backend.tests.backend_test" name="test_root" time="0.184" /><testcase classname="backend.tests.backend_test" name="test_courses" time="0.136" /><testcase classname="backend.tests.backend_test" name="test_spots_weather" time="2.751"><failure message="AssertionError: assert 19 == 6&#10; +  where 19 = len([{'best_wind_dir': 'Tramontane', 'ideal_kts': [18, 35], 'lat': 42.9171, 'level': 'intermediate', ...}, {'best_wind_dir': 'Mistral', 'ideal_kts': [18, 30], 'lat': 43.3667, 'level': 'intermediate', ...}, {'best_wind_dir': 'Mistral/Est', 'ideal_kts': [15, 30], 'lat': 43.0913, 'level': 'beginner', ...}, {'best_wind_dir': 'O/SO', 'ideal_kts': [15, 28], 'lat': 46.3439, 'level': 'beginner', ...}, {'best_wind_dir': 'O/SO', 'ideal_kts': [18, 32], 'lat': 50.8867, 'level': 'intermediate', ...}, {'best_wind_dir': 'O/NO', 'ideal_kts': [16, 30], 'lat': 47.483, 'level': 'intermediate', ...}, ...])">backend/tests/backend_test.py:32: in test_spots_weather
    assert len(data) == 6
E   AssertionError: assert 19 == 6
E    +  where 19 = len([{'best_wind_dir': 'Tramontane', 'ideal_kts': [18, 35], 'lat': 42.9171, 'level': 'intermediate', ...}, {'best_wind_dir': 'Mistral', 'ideal_kts': [18, 30], 'lat': 43.3667, 'level': 'intermediate', ...}, {'best_wind_dir': 'Mistral/Est', 'ideal_kts': [15, 30], 'lat': 43.0913, 'level': 'beginner', ...}, {'best_wind_dir': 'O/SO', 'ideal_kts': [15, 28], 'lat': 46.3439, 'level': 'beginner', ...}, {'best_wind_dir': 'O/SO', 'ideal_kts': [18, 32], 'lat': 50.8867, 'level': 'intermediate', ...}, {'best_wind_dir': 'O/NO', 'ideal_kts': [16, 30], 'lat': 47.483, 'level': 'intermediate', ...}, ...])</failure></testcase><testcase classname="backend.tests.backend_test" name="test_auth_me_no_cookie" time="0.123" /><testcase classname="backend.tests.backend_test" name="test_auth_session_invalid" time="0.463" /><testcase classname="backend.tests.backend_test" name="test_auth_me_with_bearer" time="0.122" /><testcase classname="backend.tests.backend_test" name="test_checkout_no_auth" time="0.151" /><testcase classname="backend.tests.backend_test" name="test_checkout_invalid_plan" time="0.239" /><testcase classname="backend.tests.backend_test" name="test_checkout_status" time="1.023" /><testcase classname="backend.tests.backend_test" name="test_video_analysis_no_auth" time="0.143" /><testcase classname="backend.tests.backend_test" name="test_video_analysis_premium" time="19.489" /><testcase classname="backend.tests.backend_test" name="test_spot_recommend_premium" time="11.114" /><testcase classname="backend.tests.backend_test" name="test_spot_recommend_standard_forbidden" time="0.893" /><testcase classname="backend.tests.backend_test" name="test_video_analysis_no_plan" time="0.478" /><testcase classname="backend.tests.backend_test" name="test_spot_recommend_with_geo_paris_600km" time="8.631" /><testcase classname="backend.tests.backend_test" name="test_spot_recommend_no_geo_backwards_compat" time="11.864" /><testcase classname="backend.tests.backend_test" name="test_spot_recommend_tiny_radius_empty" time="0.151" /><testcase classname="backend.tests.backend_test" name="test_video_analysis_structured" time="20.111" /><testcase classname="backend.tests.backend_test" name="test_video_history_includes_structured" time="0.178" /></testsuite></testsuites>