<?xml version="1.0" encoding="utf-8"?><testsuites name="pytest tests"><testsuite name="pytest" errors="0" failures="0" skipped="0" tests="23" time="130.449" timestamp="2026-06-09T19:07:03.065633+00:00" hostname="agent-env-68cb4f37-8d75-48d4-ad11-f0b47677ed45"><testcase classname="backend.tests.backend_test" name="test_root" time="0.284" /><testcase classname="backend.tests.backend_test" name="test_courses" time="0.161" /><testcase classname="backend.tests.backend_test" name="test_spots_weather" time="2.969" /><testcase classname="backend.tests.backend_test" name="test_auth_me_no_cookie" time="0.137" /><testcase classname="backend.tests.backend_test" name="test_auth_session_invalid" time="0.199" /><testcase classname="backend.tests.backend_test" name="test_auth_me_with_bearer" time="0.130" /><testcase classname="backend.tests.backend_test" name="test_checkout_no_auth" time="0.175" /><testcase classname="backend.tests.backend_test" name="test_checkout_invalid_plan" time="0.122" /><testcase classname="backend.tests.backend_test" name="test_checkout_status" time="1.046" /><testcase classname="backend.tests.backend_test" name="test_video_analysis_no_auth" time="0.217" /><testcase classname="backend.tests.backend_test" name="test_video_analysis_premium" time="24.784" /><testcase classname="backend.tests.backend_test" name="test_spot_recommend_premium_quiver" time="10.104" /><testcase classname="backend.tests.backend_test" name="test_spot_recommend_empty_quiver" time="10.959" /><testcase classname="backend.tests.backend_test" name="test_spot_recommend_past_date_clamped" time="11.779" /><testcase classname="backend.tests.backend_test" name="test_spot_recommend_far_future_clamped" time="11.789" /><testcase classname="backend.tests.backend_test" name="test_spot_recommend_old_schema_compatible" time="10.798" /><testcase classname="backend.tests.backend_test" name="test_spot_recommend_standard_forbidden" time="0.622" /><testcase classname="backend.tests.backend_test" name="test_video_analysis_no_plan" time="0.563" /><testcase classname="backend.tests.backend_test" name="test_spot_recommend_with_geo_paris_600km" time="11.730" /><testcase classname="backend.tests.backend_test" name="test_spot_recommend_no_geo_backwards_compat" time="11.103" /><testcase classname="backend.tests.backend_test" name="test_spot_recommend_tiny_radius_empty" time="0.146" /><testcase classname="backend.tests.backend_test" name="test_video_analysis_structured" time="20.334" /><testcase classname="backend.tests.backend_test" name="test_video_history_includes_structured" time="0.186" /></testsuite></testsuites>